naan-mudulvan-13/app/build/intermediates/manifest_merge_blame_file/debug/processDebugMainManifest/manifest-merger-blame-debug-report.txt
1<?xml version="1.0" encoding="utf-8"?>
2<manifest xmlns:android="http://schemas.android.com/apk/res/android"
3    package="com.example.owlapplication"
4    android:versionCode="1"
5    android:versionName="1.0" >
6
7    <uses-sdk
8        android:minSdkVersion="24"
9        android:targetSdkVersion="33" />
10
11    <application
11-->src\main\AndroidManifest.xml:5:5-55:19
12        android:allowBackup="true"
12-->src\main\AndroidManifest.xml:6:9-35
13        android:appComponentFactory="androidx.core.app.CoreComponentFactory"
13-->[androidx.core:core:1.7.0] AndroidManifest.xml:24:18-86
14        android:dataExtractionRules="@xml/data_extraction_rules"
14-->src\main\AndroidManifest.xml:7:9-65
15        android:debuggable="true"
16        android:extractNativeLibs="false"
17        android:fullBackupContent="@xml/backup_rules"
17-->src\main\AndroidManifest.xml:8:9-54
18        android:icon="@mipmap/ic_launcher"
18-->src\main\AndroidManifest.xml:9:9-43
19        android:label="@string/app_name"
19-->src\main\AndroidManifest.xml:10:9-41
20        android:supportsRtl="true"
20-->src\main\AndroidManifest.xml:11:9-35
21        android:testOnly="true"
22        android:theme="@style/Theme.OwlApplication" >
22-->src\main\AndroidManifest.xml:12:9-52
23        <activity
23-->src\main\AndroidManifest.xml:14:9-18:59
24            android:name="com.example.owlapplication.RegisterActivity"
24-->src\main\AndroidManifest.xml:15:13-45
25            android:exported="false"
25-->src\main\AndroidManifest.xml:16:13-37
26            android:label="@string/title_activity_register"
26-->src\main\AndroidManifest.xml:17:13-60
27            android:theme="@style/Theme.OwlApplication" />
27-->src\main\AndroidManifest.xml:18:13-56
28        <activity
28-->src\main\AndroidManifest.xml:19:9-23:59
29            android:name="com.example.owlapplication.MainActivity"
29-->src\main\AndroidManifest.xml:20:13-41
30            android:exported="false"
30-->src\main\AndroidManifest.xml:21:13-37
31            android:label="MainActivity"
31-->src\main\AndroidManifest.xml:22:13-41
32            android:theme="@style/Theme.OwlApplication" />
32-->src\main\AndroidManifest.xml:23:13-56
33        <activity
33-->src\main\AndroidManifest.xml:24:9-28:59
34            android:name="com.example.owlapplication.MainActivity5"
34-->src\main\AndroidManifest.xml:25:13-42
35            android:exported="false"
35-->src\main\AndroidManifest.xml:26:13-37
36            android:label="@string/title_activity_main5"
36-->src\main\AndroidManifest.xml:27:13-57
37            android:theme="@style/Theme.OwlApplication" />
37-->src\main\AndroidManifest.xml:28:13-56
38        <activity
38-->src\main\AndroidManifest.xml:29:9-33:59
39            android:name="com.example.owlapplication.MainActivity4"
39-->src\main\AndroidManifest.xml:30:13-42
40            android:exported="false"
40-->src\main\AndroidManifest.xml:31:13-37
41            android:label="@string/title_activity_main4"
41-->src\main\AndroidManifest.xml:32:13-57
42            android:theme="@style/Theme.OwlApplication" />
42-->src\main\AndroidManifest.xml:33:13-56
43        <activity
43-->src\main\AndroidManifest.xml:34:9-38:59
44            android:name="com.example.owlapplication.MainActivity3"
44-->src\main\AndroidManifest.xml:35:13-42
45            android:exported="false"
45-->src\main\AndroidManifest.xml:36:13-37
46            android:label="@string/title_activity_main3"
46-->src\main\AndroidManifest.xml:37:13-57
47            android:theme="@style/Theme.OwlApplication" />
47-->src\main\AndroidManifest.xml:38:13-56
48        <activity
48-->src\main\AndroidManifest.xml:39:9-43:59
49            android:name="com.example.owlapplication.MainActivity2"
49-->src\main\AndroidManifest.xml:40:13-42
50            android:exported="false"
50-->src\main\AndroidManifest.xml:41:13-37
51            android:label="@string/title_activity_main2"
51-->src\main\AndroidManifest.xml:42:13-57
52            android:theme="@style/Theme.OwlApplication" />
52-->src\main\AndroidManifest.xml:43:13-56
53        <activity
53-->src\main\AndroidManifest.xml:44:9-54:20
54            android:name="com.example.owlapplication.LoginActivity"
54-->src\main\AndroidManifest.xml:45:13-42
55            android:exported="true"
55-->src\main\AndroidManifest.xml:46:13-36
56            android:label="@string/app_name"
56-->src\main\AndroidManifest.xml:47:13-45
57            android:theme="@style/Theme.OwlApplication" >
57-->src\main\AndroidManifest.xml:48:13-56
58            <intent-filter>
58-->src\main\AndroidManifest.xml:49:13-53:29
59                <action android:name="android.intent.action.MAIN" />
59-->src\main\AndroidManifest.xml:50:17-69
59-->src\main\AndroidManifest.xml:50:25-66
60
61                <category android:name="android.intent.category.LAUNCHER" />
61-->src\main\AndroidManifest.xml:52:17-77
61-->src\main\AndroidManifest.xml:52:27-74
62            </intent-filter>
63        </activity>
64
65        <service
65-->[androidx.room:room-runtime:2.5.0] AndroidManifest.xml:24:9-28:63
66            android:name="androidx.room.MultiInstanceInvalidationService"
66-->[androidx.room:room-runtime:2.5.0] AndroidManifest.xml:25:13-74
67            android:directBootAware="true"
67-->[androidx.room:room-runtime:2.5.0] AndroidManifest.xml:26:13-43
68            android:exported="false" />
68-->[androidx.room:room-runtime:2.5.0] AndroidManifest.xml:27:13-37
69
70        <activity
70-->[androidx.compose.ui:ui-tooling:1.2.0] AndroidManifest.xml:24:9-26:39
71            android:name="androidx.compose.ui.tooling.PreviewActivity"
71-->[androidx.compose.ui:ui-tooling:1.2.0] AndroidManifest.xml:25:13-71
72            android:exported="true" />
72-->[androidx.compose.ui:ui-tooling:1.2.0] AndroidManifest.xml:26:13-36
73        <activity
73-->[androidx.compose.ui:ui-test-manifest:1.2.0] AndroidManifest.xml:24:9-26:39
74            android:name="androidx.activity.ComponentActivity"
74-->[androidx.compose.ui:ui-test-manifest:1.2.0] AndroidManifest.xml:25:13-63
75            android:exported="true" />
75-->[androidx.compose.ui:ui-test-manifest:1.2.0] AndroidManifest.xml:26:13-36
76
77        <provider
77-->[androidx.profileinstaller:profileinstaller:1.2.0] AndroidManifest.xml:25:9-33:20
78            android:name="androidx.startup.InitializationProvider"
78-->[androidx.profileinstaller:profileinstaller:1.2.0] AndroidManifest.xml:26:13-67
79            android:authorities="com.example.owlapplication.androidx-startup"
79-->[androidx.profileinstaller:profileinstaller:1.2.0] AndroidManifest.xml:27:13-68
80            android:exported="false" >
80-->[androidx.profileinstaller:profileinstaller:1.2.0] AndroidManifest.xml:28:13-37
81            <meta-data
81-->[androidx.profileinstaller:profileinstaller:1.2.0] AndroidManifest.xml:30:13-32:52
82                android:name="androidx.profileinstaller.ProfileInstallerInitializer"
82-->[androidx.profileinstaller:profileinstaller:1.2.0] AndroidManifest.xml:31:17-85
83                android:value="androidx.startup" />
83-->[androidx.profileinstaller:profileinstaller:1.2.0] AndroidManifest.xml:32:17-49
84        </provider>
85
86        <receiver
86-->[androidx.profileinstaller:profileinstaller:1.2.0] AndroidManifest.xml:35:9-47:20
87            android:name="androidx.profileinstaller.ProfileInstallReceiver"
87-->[androidx.profileinstaller:profileinstaller:1.2.0] AndroidManifest.xml:36:13-76
88            android:directBootAware="false"
88-->[androidx.profileinstaller:profileinstaller:1.2.0] AndroidManifest.xml:37:13-44
89            android:enabled="true"
89-->[androidx.profileinstaller:profileinstaller:1.2.0] AndroidManifest.xml:38:13-35
90            android:exported="true"
90-->[androidx.profileinstaller:profileinstaller:1.2.0] AndroidManifest.xml:39:13-36
91            android:permission="android.permission.DUMP" >
91-->[androidx.profileinstaller:profileinstaller:1.2.0] AndroidManifest.xml:40:13-57
92            <intent-filter>
92-->[androidx.profileinstaller:profileinstaller:1.2.0] AndroidManifest.xml:41:13-43:29
93                <action android:name="androidx.profileinstaller.action.INSTALL_PROFILE" />
93-->[androidx.profileinstaller:profileinstaller:1.2.0] AndroidManifest.xml:42:17-91
93-->[androidx.profileinstaller:profileinstaller:1.2.0] AndroidManifest.xml:42:25-88
94            </intent-filter>
95            <intent-filter>
95-->[androidx.profileinstaller:profileinstaller:1.2.0] AndroidManifest.xml:44:13-46:29
96                <action android:name="androidx.profileinstaller.action.SKIP_FILE" />
96-->[androidx.profileinstaller:profileinstaller:1.2.0] AndroidManifest.xml:45:17-85
96-->[androidx.profileinstaller:profileinstaller:1.2.0] AndroidManifest.xml:45:25-82
97            </intent-filter>
98        </receiver>
99    </application>
100
101</manifest>